c:\users\tazur\source\repos\julia_fractals\julia_sets\julia_sets\x64\debug\julia_sets.pch
c:\users\tazur\source\repos\julia_fractals\julia_sets\julia_sets\x64\debug\vc142.pdb
c:\users\tazur\source\repos\julia_fractals\julia_sets\julia_sets\x64\debug\pch.obj
c:\users\tazur\source\repos\julia_fractals\julia_sets\julia_sets\x64\debug\form1.obj
c:\users\tazur\source\repos\julia_fractals\julia_sets\julia_sets\x64\debug\cppclr_winformsprojekt.obj
c:\users\tazur\source\repos\julia_fractals\julia_sets\julia_sets\x64\debug\bmps.obj
c:\users\tazur\source\repos\julia_fractals\julia_sets\julia_sets\x64\debug\assemblyinfo.obj
c:\users\tazur\source\repos\julia_fractals\julia_sets\julia_sets\x64\debug\.netframework,version=v4.7.2.assemblyattributes.obj
c:\users\tazur\source\repos\julia_fractals\julia_sets\julia_sets\x64\debug\julia_sets.form1.resources
c:\users\tazur\source\repos\julia_fractals\julia_sets\x64\debug\julia_sets.exe
c:\users\tazur\source\repos\julia_fractals\julia_sets\x64\debug\julia_sets.pdb
c:\users\tazur\source\repos\julia_fractals\julia_sets\julia_sets\x64\debug\app.res
c:\users\tazur\source\repos\julia_fractals\julia_sets\julia_sets\x64\debug\julia_sets.tlog\cl.command.1.tlog
c:\users\tazur\source\repos\julia_fractals\julia_sets\julia_sets\x64\debug\julia_sets.tlog\cl.read.1.tlog
c:\users\tazur\source\repos\julia_fractals\julia_sets\julia_sets\x64\debug\julia_sets.tlog\cl.write.1.tlog
c:\users\tazur\source\repos\julia_fractals\julia_sets\julia_sets\x64\debug\julia_sets.tlog\julia_sets.write.1u.tlog
c:\users\tazur\source\repos\julia_fractals\julia_sets\julia_sets\x64\debug\julia_sets.tlog\link.command.1.tlog
c:\users\tazur\source\repos\julia_fractals\julia_sets\julia_sets\x64\debug\julia_sets.tlog\link.read.1.tlog
c:\users\tazur\source\repos\julia_fractals\julia_sets\julia_sets\x64\debug\julia_sets.tlog\link.write.1.tlog
c:\users\tazur\source\repos\julia_fractals\julia_sets\julia_sets\x64\debug\julia_sets.tlog\metagen.read.1.tlog
c:\users\tazur\source\repos\julia_fractals\julia_sets\julia_sets\x64\debug\julia_sets.tlog\metagen.write.1.tlog
c:\users\tazur\source\repos\julia_fractals\julia_sets\julia_sets\x64\debug\julia_sets.tlog\rc.command.1.tlog
c:\users\tazur\source\repos\julia_fractals\julia_sets\julia_sets\x64\debug\julia_sets.tlog\rc.read.1.tlog
c:\users\tazur\source\repos\julia_fractals\julia_sets\julia_sets\x64\debug\julia_sets.tlog\rc.write.1.tlog
