c:\users\tazur\source\repos\julia_fractals\julia_sets\cpp_lib\x64\debug\cpp_lib.pch
c:\users\tazur\source\repos\julia_fractals\julia_sets\cpp_lib\x64\debug\vc142.pdb
c:\users\tazur\source\repos\julia_fractals\julia_sets\cpp_lib\x64\debug\vc142.idb
c:\users\tazur\source\repos\julia_fractals\julia_sets\cpp_lib\x64\debug\pch.obj
c:\users\tazur\source\repos\julia_fractals\julia_sets\cpp_lib\x64\debug\source.obj
c:\users\tazur\source\repos\julia_fractals\julia_sets\cpp_lib\x64\debug\dllmain.obj
c:\users\tazur\source\repos\julia_sets\julia_sets\x64\debug\cpp_lib.lib
c:\users\tazur\source\repos\julia_sets\julia_sets\x64\debug\cpp_lib.exp
c:\users\tazur\source\repos\julia_fractals\julia_sets\x64\debug\cpp_lib.lib
c:\users\tazur\source\repos\julia_fractals\julia_sets\x64\debug\cpp_lib.exp
c:\users\tazur\source\repos\julia_sets\julia_sets\x64\debug\cpp_lib.ilk
c:\users\tazur\source\repos\julia_sets\julia_sets\x64\debug\cpp_lib.dll
c:\users\tazur\source\repos\julia_sets\julia_sets\x64\debug\cpp_lib.pdb
c:\users\tazur\source\repos\julia_fractals\julia_sets\x64\debug\cpp_lib.dll
c:\users\tazur\source\repos\julia_fractals\julia_sets\x64\debug\cpp_lib.ilk
c:\users\tazur\source\repos\julia_fractals\julia_sets\x64\debug\cpp_lib.pdb
c:\users\tazur\source\repos\julia_fractals\julia_sets\cpp_lib\x64\debug\cpp_lib.tlog\cl.command.1.tlog
c:\users\tazur\source\repos\julia_fractals\julia_sets\cpp_lib\x64\debug\cpp_lib.tlog\cl.read.1.tlog
c:\users\tazur\source\repos\julia_fractals\julia_sets\cpp_lib\x64\debug\cpp_lib.tlog\cl.write.1.tlog
c:\users\tazur\source\repos\julia_fractals\julia_sets\cpp_lib\x64\debug\cpp_lib.tlog\cpp_lib.write.1u.tlog
c:\users\tazur\source\repos\julia_fractals\julia_sets\cpp_lib\x64\debug\cpp_lib.tlog\link.command.1.tlog
c:\users\tazur\source\repos\julia_fractals\julia_sets\cpp_lib\x64\debug\cpp_lib.tlog\link.read.1.tlog
c:\users\tazur\source\repos\julia_fractals\julia_sets\cpp_lib\x64\debug\cpp_lib.tlog\link.write.1.tlog
