c:\users\tazur\source\repos\julia_sets\julia_sets\julia_sets\debug\vc142.pdb
c:\users\tazur\source\repos\julia_sets\julia_sets\julia_sets\debug\.netframework,version=v4.7.2.assemblyattributes.obj
c:\users\tazur\source\repos\julia_sets\julia_sets\julia_sets\debug\cppclr_winformsprojekt.obj
c:\users\tazur\source\repos\julia_sets\julia_sets\julia_sets\debug\bmps.obj
c:\users\tazur\source\repos\julia_sets\julia_sets\julia_sets\debug\form1.obj
c:\users\tazur\source\repos\julia_sets\julia_sets\julia_sets\debug\assemblyinfo.obj
c:\users\tazur\source\repos\julia_sets\julia_sets\julia_sets\debug\julia_sets.pch
c:\users\tazur\source\repos\julia_sets\julia_sets\julia_sets\debug\pch.obj
c:\users\tazur\source\repos\julia_sets\julia_sets\julia_sets\debug\julia_sets.form1.resources
c:\users\tazur\source\repos\julia_sets\julia_sets\debug\julia_sets.lib
c:\users\tazur\source\repos\julia_sets\julia_sets\debug\julia_sets.exp
c:\users\tazur\source\repos\julia_sets\julia_sets\debug\julia_sets.exe
c:\users\tazur\source\repos\julia_sets\julia_sets\debug\julia_sets.pdb
c:\users\tazur\source\repos\julia_sets\julia_sets\julia_sets\debug\app.res
c:\users\tazur\source\repos\julia_sets\julia_sets\julia_sets\debug\julia_sets.tlog\cl.command.1.tlog
c:\users\tazur\source\repos\julia_sets\julia_sets\julia_sets\debug\julia_sets.tlog\cl.read.1.tlog
c:\users\tazur\source\repos\julia_sets\julia_sets\julia_sets\debug\julia_sets.tlog\cl.write.1.tlog
c:\users\tazur\source\repos\julia_sets\julia_sets\julia_sets\debug\julia_sets.tlog\julia_sets.write.1u.tlog
c:\users\tazur\source\repos\julia_sets\julia_sets\julia_sets\debug\julia_sets.tlog\link.16164-cvtres.read.1.tlog
c:\users\tazur\source\repos\julia_sets\julia_sets\julia_sets\debug\julia_sets.tlog\link.16164-cvtres.write.1.tlog
c:\users\tazur\source\repos\julia_sets\julia_sets\julia_sets\debug\julia_sets.tlog\link.16164-rc.read.1.tlog
c:\users\tazur\source\repos\julia_sets\julia_sets\julia_sets\debug\julia_sets.tlog\link.16164-rc.write.1.tlog
c:\users\tazur\source\repos\julia_sets\julia_sets\julia_sets\debug\julia_sets.tlog\link.16164.delete.1.tlog
c:\users\tazur\source\repos\julia_sets\julia_sets\julia_sets\debug\julia_sets.tlog\link.16164.read.1.tlog
c:\users\tazur\source\repos\julia_sets\julia_sets\julia_sets\debug\julia_sets.tlog\link.16164.write.1.tlog
c:\users\tazur\source\repos\julia_sets\julia_sets\julia_sets\debug\julia_sets.tlog\link.5728-cvtres.read.1.tlog
c:\users\tazur\source\repos\julia_sets\julia_sets\julia_sets\debug\julia_sets.tlog\link.5728-cvtres.write.1.tlog
c:\users\tazur\source\repos\julia_sets\julia_sets\julia_sets\debug\julia_sets.tlog\link.5728-rc.read.1.tlog
c:\users\tazur\source\repos\julia_sets\julia_sets\julia_sets\debug\julia_sets.tlog\link.5728-rc.write.1.tlog
c:\users\tazur\source\repos\julia_sets\julia_sets\julia_sets\debug\julia_sets.tlog\link.5728.read.1.tlog
c:\users\tazur\source\repos\julia_sets\julia_sets\julia_sets\debug\julia_sets.tlog\link.5728.write.1.tlog
c:\users\tazur\source\repos\julia_sets\julia_sets\julia_sets\debug\julia_sets.tlog\link.command.1.tlog
c:\users\tazur\source\repos\julia_sets\julia_sets\julia_sets\debug\julia_sets.tlog\link.read.1.tlog
c:\users\tazur\source\repos\julia_sets\julia_sets\julia_sets\debug\julia_sets.tlog\link.write.1.tlog
c:\users\tazur\source\repos\julia_sets\julia_sets\julia_sets\debug\julia_sets.tlog\metagen.read.1.tlog
c:\users\tazur\source\repos\julia_sets\julia_sets\julia_sets\debug\julia_sets.tlog\metagen.write.1.tlog
c:\users\tazur\source\repos\julia_sets\julia_sets\julia_sets\debug\julia_sets.tlog\rc.command.1.tlog
c:\users\tazur\source\repos\julia_sets\julia_sets\julia_sets\debug\julia_sets.tlog\rc.read.1.tlog
c:\users\tazur\source\repos\julia_sets\julia_sets\julia_sets\debug\julia_sets.tlog\rc.write.1.tlog
