c:\users\tazur\source\repos\julia_fractals\julia_sets\x64\debug\asmlib.lib
c:\users\tazur\source\repos\julia_fractals\julia_sets\x64\debug\asmlib.exp
c:\users\tazur\source\repos\julia_fractals\julia_sets\asm_lib\x64\debug\asmlib.pch
c:\users\tazur\source\repos\julia_fractals\julia_sets\asm_lib\x64\debug\vc142.pdb
c:\users\tazur\source\repos\julia_fractals\julia_sets\asm_lib\x64\debug\vc142.idb
c:\users\tazur\source\repos\julia_fractals\julia_sets\asm_lib\x64\debug\pch.obj
c:\users\tazur\source\repos\julia_fractals\julia_sets\asm_lib\x64\debug\dllmain.obj
c:\users\tazur\source\repos\julia_fractals\julia_sets\asm_lib\x64\debug\asm_lib.obj
c:\users\tazur\source\repos\julia_fractals\julia_sets\x64\debug\asmlib.ilk
c:\users\tazur\source\repos\julia_fractals\julia_sets\x64\debug\asmlib.dll
c:\users\tazur\source\repos\julia_fractals\julia_sets\x64\debug\asmlib.pdb
c:\users\tazur\source\repos\julia_fractals\julia_sets\asm_lib\x64\debug\asmlib.obj
c:\users\tazur\source\repos\julia_fractals\julia_sets\asm_lib\x64\debug\asm_lib.tlog\asm_lib.write.1u.tlog
c:\users\tazur\source\repos\julia_fractals\julia_sets\asm_lib\x64\debug\asm_lib.tlog\cl.command.1.tlog
c:\users\tazur\source\repos\julia_fractals\julia_sets\asm_lib\x64\debug\asm_lib.tlog\cl.read.1.tlog
c:\users\tazur\source\repos\julia_fractals\julia_sets\asm_lib\x64\debug\asm_lib.tlog\cl.write.1.tlog
c:\users\tazur\source\repos\julia_fractals\julia_sets\asm_lib\x64\debug\asm_lib.tlog\link.command.1.tlog
c:\users\tazur\source\repos\julia_fractals\julia_sets\asm_lib\x64\debug\asm_lib.tlog\link.read.1.tlog
c:\users\tazur\source\repos\julia_fractals\julia_sets\asm_lib\x64\debug\asm_lib.tlog\link.write.1.tlog
c:\users\tazur\source\repos\julia_fractals\julia_sets\asm_lib\x64\debug\asm_lib.tlog\masm.read.1u.tlog
c:\users\tazur\source\repos\julia_fractals\julia_sets\asm_lib\x64\debug\asm_lib.tlog\masm.write.1u.tlog
